<?xml version="1.0" encoding="UTF-8"?>
<testsuite name="org.acme.schooltimetabling.rest.TimetableResourceTest" tests="1" skipped="0" failures="0" errors="0" timestamp="2023-06-08T14:40:19" hostname="rsynekpc" time="1.553">
  <properties/>
  <testcase name="solveDemoDataUntilFeasible()" classname="org.acme.schooltimetabling.rest.TimetableResourceTest" time="1.553"/>
  <system-out><![CDATA[2023-06-08 16:40:19,441 INFO  [io.quarkus] (Test worker) school-timetabling 1.0-SNAPSHOT on JVM (powered by Quarkus 3.0.3.Final) started in 1.606s. Listening on: http://localhost:8081
2023-06-08 16:40:19,444 INFO  [io.quarkus] (Test worker) Profile test activated. 
2023-06-08 16:40:19,445 INFO  [io.quarkus] (Test worker) Installed features: [cdi, resteasy, resteasy-jackson, smallrye-context-propagation, smallrye-openapi, swagger-ui, timefold, timefold-solver-jackson, vertx, webjars-locator]
2023-06-08 16:40:20,224 INFO  [ai.tim.sol.cor.imp.sol.DefaultSolver] (pool-7-thread-1) Solving started: time spent (9), best score (-8init/0hard/0soft), environment mode (REPRODUCIBLE), move thread count (NONE), random (JDK with seed 0).
2023-06-08 16:40:20,233 INFO  [ai.tim.sol.cor.imp.con.DefaultConstructionHeuristicPhase] (pool-7-thread-1) Construction Heuristic phase (0) ended: time spent (19), best score (0hard/0soft), score calculation speed (5000/sec), step total (4).
2023-06-08 16:40:20,234 INFO  [ai.tim.sol.cor.imp.sol.DefaultSolver] (pool-7-thread-1) Solving ended: time spent (20), best score (0hard/0soft), score calculation speed (2050/sec), phase total (2), environment mode (REPRODUCIBLE), move thread count (NONE).
]]></system-out>
  <system-err><![CDATA[]]></system-err>
</testsuite>
