<?xml version="1.0" encoding="UTF-8"?>
<testsuite name="org.acme.schooltimetabling.solver.TimetableConstraintProviderTest" tests="6" skipped="0" failures="0" errors="0" timestamp="2023-06-08T14:40:21" hostname="rsynekpc" time="0.015">
  <properties/>
  <testcase name="teacherRoomStability()" classname="org.acme.schooltimetabling.solver.TimetableConstraintProviderTest" time="0.006"/>
  <testcase name="roomConflict()" classname="org.acme.schooltimetabling.solver.TimetableConstraintProviderTest" time="0.001"/>
  <testcase name="teacherConflict()" classname="org.acme.schooltimetabling.solver.TimetableConstraintProviderTest" time="0.001"/>
  <testcase name="studentGroupConflict()" classname="org.acme.schooltimetabling.solver.TimetableConstraintProviderTest" time="0.001"/>
  <testcase name="studentGroupSubjectVariety()" classname="org.acme.schooltimetabling.solver.TimetableConstraintProviderTest" time="0.001"/>
  <testcase name="teacherTimeEfficiency()" classname="org.acme.schooltimetabling.solver.TimetableConstraintProviderTest" time="0.001"/>
  <system-out><![CDATA[]]></system-out>
  <system-err><![CDATA[]]></system-err>
</testsuite>
