<?xml version="1.0" encoding="UTF-8"?>
<testsuite name="org.acme.schooltimetabling.solver.TimetableConstraintProviderTest" tests="6" skipped="0" failures="0" errors="0" timestamp="2023-06-08T14:30:59" hostname="rsynekpc" time="0.019">
  <properties/>
  <testcase name="teacherRoomStability()" classname="org.acme.schooltimetabling.solver.TimetableConstraintProviderTest" time="0.008"/>
  <testcase name="roomConflict()" classname="org.acme.schooltimetabling.solver.TimetableConstraintProviderTest" time="0.002"/>
  <testcase name="teacherConflict()" classname="org.acme.schooltimetabling.solver.TimetableConstraintProviderTest" time="0.001"/>
  <testcase name="studentGroupConflict()" classname="org.acme.schooltimetabling.solver.TimetableConstraintProviderTest" time="0.002"/>
  <testcase name="studentGroupSubjectVariety()" classname="org.acme.schooltimetabling.solver.TimetableConstraintProviderTest" time="0.002"/>
  <testcase name="teacherTimeEfficiency()" classname="org.acme.schooltimetabling.solver.TimetableConstraintProviderTest" time="0.001"/>
  <system-out><![CDATA[16:30:59.363  INFO ?[34m[Test worker    ]?[0;39m Could not detect default configuration classes for test class [org.acme.schooltimetabling.solver.TimetableConstraintProviderTest]: TimeTableConstraintProviderTest does not declare any static, non-private, non-final, nested classes annotated with @Configuration.
16:30:59.364  INFO ?[34m[Test worker    ]?[0;39m Found @SpringBootConfiguration org.acme.schooltimetabling.TimeTableSpringBootApp for test class org.acme.schooltimetabling.solver.TimetableConstraintProviderTest
]]></system-out>
  <system-err><![CDATA[]]></system-err>
</testsuite>
